<?xml version="1.0" encoding="UTF-8"?>
<!-- Generated by org.testng.reporters.JUnitReportReporter -->
<testsuite hostname="DESKTOP-5MTP625" failures="0" tests="2" name="testcases.ToDoTest" time="2.417" errors="0" timestamp="2023-12-06T14:03:44 EET" skipped="0">
  <testcase classname="testcases.ToDoTest" name="deleteToDoTC" time="0.462"/>
  <testcase classname="testcases.ToDoTest" name="addToDoTC" time="1.955"/>
</testsuite> <!-- testcases.ToDoTest -->
