<?xml version="1.0" encoding="UTF-8"?>
<!-- Generated by org.testng.reporters.JUnitReportReporter -->
<testsuite hostname="DESKTOP-5MTP625" failures="0" tests="4" name="toDo.testcases.UsersTest" time="5.139" errors="0" timestamp="2023-12-12T22:37:30 EET" skipped="0">
  <testcase classname="toDo.testcases.UsersTest" name="registerNewUserTC" time="1.841"/>
  <testcase classname="toDo.testcases.UsersTest" name="registerExistedUserTC" time="0.991"/>
  <testcase classname="toDo.testcases.UsersTest" name="loginValidUserTC" time="1.196"/>
  <testcase classname="toDo.testcases.UsersTest" name="loginInValidUserTC" time="1.111"/>
</testsuite> <!-- toDo.testcases.UsersTest -->
