<?xml version="1.0" encoding="UTF-8"?>
<!-- Generated by org.testng.reporters.JUnitReportReporter -->
<testsuite hostname="DESKTOP-5MTP625" failures="0" tests="1" name="toDo.testcases.ToDoTest" time="2.271" errors="0" timestamp="2023-12-06T14:53:12 EET" skipped="0">
  <testcase classname="toDo.testcases.ToDoTest" name="addToDoTC" time="2.271"/>
</testsuite> <!-- toDo.testcases.ToDoTest -->
