<?xml version="1.0" encoding="UTF-8"?>
<!-- Generated by org.testng.reporters.JUnitReportReporter -->
<testsuite hostname="DESKTOP-5MTP625" failures="0" tests="4" name="toDo.testcases.UsersTest" time="5.274" errors="0" timestamp="2023-12-12T21:26:16 EET" skipped="0">
  <testcase classname="toDo.testcases.UsersTest" name="registerNewUserTC" time="2.056"/>
  <testcase classname="toDo.testcases.UsersTest" name="registerExistedUserTC" time="1.026"/>
  <testcase classname="toDo.testcases.UsersTest" name="loginValidUserTC" time="1.116"/>
  <testcase classname="toDo.testcases.UsersTest" name="loginInValidUserTC" time="1.076"/>
</testsuite> <!-- toDo.testcases.UsersTest -->
