<?xml version="1.0" encoding="UTF-8"?>
<!-- Generated by org.testng.reporters.JUnitReportReporter -->
<testsuite hostname="DESKTOP-5MTP625" failures="0" tests="3" name="toDo.testcases.ToDoTest" time="7.564" errors="0" timestamp="2023-12-10T17:11:11 EET" skipped="0">
  <testcase classname="toDo.testcases.ToDoTest" name="addToDoTC" time="2.786"/>
  <testcase classname="toDo.testcases.ToDoTest" name="getToDoTC" time="1.935"/>
  <testcase classname="toDo.testcases.ToDoTest" name="deleteToDoTC" time="2.843"/>
</testsuite> <!-- toDo.testcases.ToDoTest -->
