<?xml version="1.0" encoding="UTF-8"?>
<!-- Generated by org.testng.reporters.JUnitReportReporter -->
<testsuite hostname="DESKTOP-5MTP625" failures="0" tests="1" name="testcases.UsersTest" time="2.006" errors="0" timestamp="2023-12-06T13:37:17 EET" skipped="0">
  <testcase classname="testcases.UsersTest" name="loginValidUserTC" time="2.006"/>
</testsuite> <!-- testcases.UsersTest -->
