<?xml version="1.0" encoding="UTF-8"?>
<!-- Generated by org.testng.reporters.JUnitReportReporter -->
<testsuite hostname="DESKTOP-5MTP625" failures="0" tests="1" name="toDo.testcases.UsersTest" time="1.913" errors="0" timestamp="2023-12-06T14:35:46 EET" skipped="0">
  <testcase classname="toDo.testcases.UsersTest" name="registerExistedUserTC" time="1.913"/>
</testsuite> <!-- toDo.testcases.UsersTest -->
