<?xml version="1.0" encoding="UTF-8"?>
<!-- Generated by org.testng.reporters.JUnitReportReporter -->
<testsuite hostname="DESKTOP-5MTP625" failures="0" tests="4" name="toDo.testcases.UsersTest" time="5.030" errors="0" timestamp="2023-12-13T14:11:41 EET" skipped="0">
  <testcase classname="toDo.testcases.UsersTest" name="registerNewUserTC" time="1.888"/>
  <testcase classname="toDo.testcases.UsersTest" name="registerExistedUserTC" time="0.994"/>
  <testcase classname="toDo.testcases.UsersTest" name="loginValidUserTC" time="1.082"/>
  <testcase classname="toDo.testcases.UsersTest" name="loginInValidUserTC" time="1.066"/>
</testsuite> <!-- toDo.testcases.UsersTest -->
