<?xml version="1.0" encoding="UTF-8"?>
<!-- Generated by org.testng.reporters.JUnitReportReporter -->
<testsuite hostname="DESKTOP-5MTP625" failures="0" tests="3" name="toDo.testcases.ToDoTest" time="4.130" errors="0" timestamp="2023-12-12T21:26:16 EET" skipped="0">
  <testcase classname="toDo.testcases.ToDoTest" name="addToDoTC" time="1.335"/>
  <testcase classname="toDo.testcases.ToDoTest" name="getToDoTC" time="1.400"/>
  <testcase classname="toDo.testcases.ToDoTest" name="deleteToDoTC" time="1.395"/>
</testsuite> <!-- toDo.testcases.ToDoTest -->
