<?xml version="1.0" encoding="UTF-8"?>
<!-- Generated by org.testng.reporters.JUnitReportReporter -->
<testsuite hostname="DESKTOP-5MTP625" failures="0" tests="3" name="toDo.testcases.ToDoTest" time="5.384" errors="0" timestamp="2023-12-10T17:14:37 EET" skipped="0">
  <testcase classname="toDo.testcases.ToDoTest" name="addToDoTC" time="1.516"/>
  <testcase classname="toDo.testcases.ToDoTest" name="getToDoTC" time="2.208"/>
  <testcase classname="toDo.testcases.ToDoTest" name="deleteToDoTC" time="1.660"/>
</testsuite> <!-- toDo.testcases.ToDoTest -->
