<?xml version="1.0" encoding="UTF-8"?>
<!-- Generated by org.testng.reporters.JUnitReportReporter -->
<testsuite hostname="DESKTOP-5MTP625" failures="0" tests="4" name="toDo.testcases.UsersTest" time="5.548" errors="0" timestamp="2023-12-10T16:30:51 EET" skipped="0">
  <testcase classname="toDo.testcases.UsersTest" name="registerNewUserTC" time="1.949"/>
  <testcase classname="toDo.testcases.UsersTest" name="registerExistedUserTC" time="1.071"/>
  <testcase classname="toDo.testcases.UsersTest" name="loginValidUserTC" time="1.177"/>
  <testcase classname="toDo.testcases.UsersTest" name="loginInValidUserTC" time="1.351"/>
</testsuite> <!-- toDo.testcases.UsersTest -->
